d:\gam200---miracle-studios\miracleengine2\x64\debug\vc142.pdb
d:\gam200---miracle-studios\miracleengine2\x64\debug\vc142.idb
d:\gam200---miracle-studios\miracleengine2\x64\debug\stb_image.obj
d:\gam200---miracle-studios\miracleengine2\x64\debug\imgui_widgets.obj
d:\gam200---miracle-studios\miracleengine2\x64\debug\imgui_impl_opengl3.obj
d:\gam200---miracle-studios\miracleengine2\x64\debug\imgui_draw.obj
d:\gam200---miracle-studios\miracleengine2\x64\debug\imgui_demo.obj
d:\gam200---miracle-studios\miracleengine2\x64\debug\imgui.obj
d:\gam200---miracle-studios\miracleengine2\x64\debug\player.obj
d:\gam200---miracle-studios\miracleengine2\x64\debug\enemy.obj
d:\gam200---miracle-studios\miracleengine2\x64\debug\aisystem.obj
d:\gam200---miracle-studios\miracleengine2\x64\debug\miracleengine.pch
d:\gam200---miracle-studios\miracleengine2\x64\debug\precompiledheaders.obj
d:\gam200---miracle-studios\miracleengine2\x64\debug\circlecollider2d.obj
d:\gam200---miracle-studios\miracleengine2\x64\debug\boxcollider2d.obj
d:\gam200---miracle-studios\miracleengine2\x64\debug\logiccomponent.obj
d:\gam200---miracle-studios\miracleengine2\x64\debug\aicomponent.obj
d:\gam200---miracle-studios\miracleengine2\x64\debug\icomponentsystem.obj
d:\gam200---miracle-studios\miracleengine2\x64\debug\transformcomponent.obj
d:\gam200---miracle-studios\miracleengine2\x64\debug\graphiccomponent.obj
d:\gam200---miracle-studios\miracleengine2\x64\debug\fontcomponent.obj
d:\gam200---miracle-studios\miracleengine2\x64\debug\cameracomponent.obj
d:\gam200---miracle-studios\miracleengine2\x64\debug\animationcomponent.obj
d:\gam200---miracle-studios\miracleengine2\x64\debug\audiocomponent.obj
d:\gam200---miracle-studios\miracleengine2\x64\debug\engine.obj
d:\gam200---miracle-studios\miracleengine2\x64\debug\soundmanager.obj
d:\gam200---miracle-studios\miracleengine2\x64\debug\sound.obj
d:\gam200---miracle-studios\miracleengine2\x64\debug\audiosystem.obj
d:\gam200---miracle-studios\miracleengine2\x64\debug\frame.obj
d:\gam200---miracle-studios\miracleengine2\x64\debug\animationsystem.obj
d:\gam200---miracle-studios\miracleengine2\x64\debug\animation.obj
d:\gam200---miracle-studios\miracleengine2\x64\debug\glm.obj
d:\gam200---miracle-studios\miracleengine2\x64\debug\imgui_impl_win32.obj
d:\gam200---miracle-studios\miracleengine2\x64\debug\ibaseimguiwindow.obj
d:\gam200---miracle-studios\miracleengine2\x64\debug\hierarchyimguiwindow.obj
d:\gam200---miracle-studios\miracleengine2\x64\debug\vertexbuffer.obj
d:\gam200---miracle-studios\miracleengine2\x64\debug\vertexarray.obj
d:\gam200---miracle-studios\miracleengine2\x64\debug\texturemanager.obj
d:\gam200---miracle-studios\miracleengine2\x64\debug\texture2d.obj
d:\gam200---miracle-studios\miracleengine2\x64\debug\shader.obj
d:\gam200---miracle-studios\miracleengine2\x64\debug\quadmesh.obj
d:\gam200---miracle-studios\miracleengine2\x64\debug\graphicssystem.obj
d:\gam200---miracle-studios\miracleengine2\x64\debug\elementbuffer.obj
d:\gam200---miracle-studios\miracleengine2\x64\debug\debugrenderer.obj
d:\gam200---miracle-studios\miracleengine2\x64\debug\bullet.obj
d:\gam200---miracle-studios\miracleengine2\x64\debug\gamestatemanager.obj
d:\gam200---miracle-studios\miracleengine2\x64\debug\gameobjectprototype.obj
d:\gam200---miracle-studios\miracleengine2\x64\debug\gameobjectfactory.obj
d:\gam200---miracle-studios\miracleengine2\x64\debug\gameobject.obj
d:\gam200---miracle-studios\miracleengine2\x64\debug\rigidbody2d.obj
d:\gam200---miracle-studios\miracleengine2\x64\debug\edgecollider2d.obj
d:\gam200---miracle-studios\miracleengine2\x64\debug\console.obj
d:\gam200---miracle-studios\miracleengine2\x64\debug\resourcemanager.obj
d:\gam200---miracle-studios\miracleengine2\x64\debug\memorymanager.obj
d:\gam200---miracle-studios\miracleengine2\x64\debug\fileio.obj
d:\gam200---miracle-studios\miracleengine2\x64\debug\eventhandler.obj
d:\gam200---miracle-studios\miracleengine2\x64\debug\performanceusage.obj
d:\gam200---miracle-studios\miracleengine2\x64\debug\frameratecontroller.obj
d:\gam200---miracle-studios\miracleengine2\x64\debug\physicssystem.obj
d:\gam200---miracle-studios\miracleengine2\x64\debug\collision.obj
d:\gam200---miracle-studios\miracleengine2\x64\debug\vector3.obj
d:\gam200---miracle-studios\miracleengine2\x64\debug\vector2.obj
d:\gam200---miracle-studios\miracleengine2\x64\debug\symath.obj
d:\gam200---miracle-studios\miracleengine2\x64\debug\matrix4x4.obj
d:\gam200---miracle-studios\miracleengine2\x64\debug\matrix3x3.obj
d:\gam200---miracle-studios\miracleengine2\x64\debug\main.obj
d:\gam200---miracle-studios\miracleengine2\x64\debug\logicsystem.obj
d:\gam200---miracle-studios\miracleengine2\x64\debug\inputsystem.obj
d:\gam200---miracle-studios\miracleengine2\x64\debug\inspectionimguiwindow.obj
d:\gam200---miracle-studios\miracleengine2\x64\debug\imguisystem.obj
d:\gam200---miracle-studios\miracleengine2\x64\debug\window.obj
d:\gam200---miracle-studios\miracleengine2\x64\debug\windowssystem.obj
d:\gam200---miracle-studios\miracleengine2\x64\debug\screensize.obj
d:\gam200---miracle-studios\miracleengine2\x64\debug\miracleengine.exe
d:\gam200---miracle-studios\miracleengine2\x64\debug\miracleengine.ilk
d:\gam200---miracle-studios\miracleengine2\x64\debug\miracleengine.pdb
d:\gam200---miracle-studios\miracleengine2\x64\debug\miracleengine.res
d:\gam200---miracle-studios\miracleengine2\x64\debug\miracleengine.tlog\cl.command.1.tlog
d:\gam200---miracle-studios\miracleengine2\x64\debug\miracleengine.tlog\cl.read.1.tlog
d:\gam200---miracle-studios\miracleengine2\x64\debug\miracleengine.tlog\cl.write.1.tlog
d:\gam200---miracle-studios\miracleengine2\x64\debug\miracleengine.tlog\link.command.1.tlog
d:\gam200---miracle-studios\miracleengine2\x64\debug\miracleengine.tlog\link.read.1.tlog
d:\gam200---miracle-studios\miracleengine2\x64\debug\miracleengine.tlog\link.write.1.tlog
d:\gam200---miracle-studios\miracleengine2\x64\debug\miracleengine.tlog\rc.command.1.tlog
d:\gam200---miracle-studios\miracleengine2\x64\debug\miracleengine.tlog\rc.read.1.tlog
d:\gam200---miracle-studios\miracleengine2\x64\debug\miracleengine.tlog\rc.write.1.tlog
